#
# A fatal error has been detected by the Java Runtime Environment:
#
#  EXCEPTION_ACCESS_VIOLATION (0xc0000005) at pc=0x000000005a1c5b50, pid=3940, tid=0x00000000000015c8
#
# JRE version: Java(TM) SE Runtime Environment (8.0_201-b09) (build 1.8.0_201-b09)
# Java VM: Java HotSpot(TM) 64-Bit Server VM (25.201-b09 mixed mode windows-amd64 compressed oops)
# Problematic frame:
# V  [jvm.dll+0x4a5b50]
#
# Failed to write core dump. Minidumps are not enabled by default on client versions of Windows
#
# If you would like to submit a bug report, please visit:
#   http://bugreport.java.com/bugreport/crash.jsp
#

---------------  T H R E A D  ---------------

Current thread (0x00000000151c1000):  JavaThread "C2 CompilerThread1" daemon [_thread_in_native, id=5576, stack(0x0000000016bf0000,0x0000000016cf0000)]

siginfo: ExceptionCode=0xc0000005, reading address 0xffffffffffffffff

Registers:
RAX=0x0000000000000000, RBX=0x000000001b41b8f0, RCX=0x000400005a545420, RDX=0x0000000000000000
RSP=0x0000000016cec480, RBP=0x000000000000003b, RSI=0x00000000000001d8, RDI=0x0000000016cec4d0
R8 =0x0000000000000004, R9 =0x000000001ba8aec0, R10=0x0000000059d20000, R11=0x0000000016cec3a0
R12=0x000000005a545420, R13=0x0000000059d20000, R14=0x00000000170685d8, R15=0x00000000000003d8
RIP=0x000000005a1c5b50, EFLAGS=0x0000000000010246

Top of Stack: (sp=0x0000000016cec480)
0x0000000016cec480:   0000000016ceec50 000000001b31da70
0x0000000016cec490:   fffffffffffffff8 00000000151773f0
0x0000000016cec4a0:   0000000000002a42 000000005a1c0c2f
0x0000000016cec4b0:   000000001b41b3f0 000000001b41b8f0
0x0000000016cec4c0:   0000000000002a42 0000000016cec5b0
0x0000000016cec4d0:   00002a4600000000 0000000000000003
0x0000000016cec4e0:   000400005a545420 000000000000002b
0x0000000016cec4f0:   000000001a913d20 0000000000000040
0x0000000016cec500:   000000001b41b990 0000000016cec8a0
0x0000000016cec510:   0000000017068200 0000000016cec8a0
0x0000000016cec520:   00000000170681f0 000000005a18cb61
0x0000000016cec530:   0000000000000000 0000000016cec630
0x0000000016cec540:   0000000000000000 0000000000000009
0x0000000016cec550:   0000000000000006 00000000170681f0
0x0000000016cec560:   000000001bb5fb80 000000001bb65b30
0x0000000016cec570:   000000001bb67b68 000000000125d988 

Instructions: (pc=0x000000005a1c5b50)
0x000000005a1c5b30:   48 8b 4f 20 48 39 04 0e 0f 84 9d 00 00 00 48 8b
0x000000005a1c5b40:   0c 0e 33 d2 33 c0 48 89 4f 10 66 0f 1f 44 00 00
0x000000005a1c5b50:   83 3c 08 00 0f 85 36 01 00 00 ff c2 48 83 c0 04
0x000000005a1c5b60:   83 fa 08 72 eb 48 8b 47 30 48 89 44 24 30 48 85 


Register to memory mapping:

RAX=0x0000000000000000 is an unknown value
RBX=0x000000001b41b8f0 is an unknown value
RCX=0x000400005a545420 is an unknown value
RDX=0x0000000000000000 is an unknown value
RSP=0x0000000016cec480 is pointing into the stack for thread: 0x00000000151c1000
RBP=0x000000000000003b is an unknown value
RSI=0x00000000000001d8 is an unknown value
RDI=0x0000000016cec4d0 is pointing into the stack for thread: 0x00000000151c1000
R8 =0x0000000000000004 is an unknown value
R9 =0x000000001ba8aec0 is an unknown value
R10=0x0000000059d20000 is an unknown value
R11=0x0000000016cec3a0 is pointing into the stack for thread: 0x00000000151c1000
R12=0x000000005a545420 is an unknown value
R13=0x0000000059d20000 is an unknown value
R14=0x00000000170685d8 is an unknown value
R15=0x00000000000003d8 is an unknown value


Stack: [0x0000000016bf0000,0x0000000016cf0000],  sp=0x0000000016cec480,  free space=1009k
Native frames: (J=compiled Java code, j=interpreted, Vv=VM code, C=native code)
V  [jvm.dll+0x4a5b50]
V  [jvm.dll+0x4a0c2f]
V  [jvm.dll+0x46cb61]
V  [jvm.dll+0x477e7b]
V  [jvm.dll+0x47a787]
V  [jvm.dll+0x45cfa2]
V  [jvm.dll+0xa6b42]
V  [jvm.dll+0xa748f]
V  [jvm.dll+0x24656f]
V  [jvm.dll+0x29fb6a]
C  [msvcr100.dll+0x21db7]
C  [msvcr100.dll+0x21e53]
C  [KERNEL32.DLL+0x168d]
C  [ntdll.dll+0x74629]


Current CompileTask:
C2:  44757 1336       4       java.net.URLClassLoader$1::run (5 bytes)


---------------  P R O C E S S  ---------------

Java Threads: ( => current thread )
  0x0000000017d55800 JavaThread "File lock request listener" [_thread_in_native, id=940, stack(0x000000001b610000,0x000000001b710000)]
  0x0000000017d54000 JavaThread "Cache worker for file hash cache (C:\Users\sp7\.gradle\caches\4.4\fileHashes)" [_thread_blocked, id=5084, stack(0x000000001b170000,0x000000001b270000)]
  0x0000000017be1800 JavaThread "Stdin handler" [_thread_blocked, id=5292, stack(0x0000000019ea0000,0x0000000019fa0000)]
  0x00000000181a3000 JavaThread "Asynchronous log dispatcher for DefaultDaemonConnection: socket connection from /127.0.0.1:49754 to /127.0.0.1:49755" [_thread_blocked, id=3292, stack(0x0000000019da0000,0x0000000019ea0000)]
  0x0000000018113800 JavaThread "Daemon worker" [_thread_in_native, id=212, stack(0x0000000019ca0000,0x0000000019da0000)]
  0x0000000018494000 JavaThread "Cancel handler" [_thread_blocked, id=3424, stack(0x0000000019ba0000,0x0000000019ca0000)]
  0x0000000016f5c000 JavaThread "Handler for socket connection from /127.0.0.1:49754 to /127.0.0.1:49755" [_thread_in_native, id=5020, stack(0x00000000198a0000,0x00000000199a0000)]
  0x0000000018139000 JavaThread "Daemon" [_thread_blocked, id=4684, stack(0x00000000197a0000,0x00000000198a0000)]
  0x0000000016fa4000 JavaThread "Daemon periodic checks" [_thread_blocked, id=5756, stack(0x00000000196a0000,0x00000000197a0000)]
  0x00000000174c9800 JavaThread "Incoming local TCP Connector on port 49754" [_thread_in_native, id=5744, stack(0x00000000191a0000,0x00000000192a0000)]
  0x000000001822e800 JavaThread "Daemon health stats" [_thread_blocked, id=5532, stack(0x0000000018bc0000,0x0000000018cc0000)]
  0x0000000016e20800 JavaThread "Service Thread" daemon [_thread_blocked, id=5468, stack(0x00000000171f0000,0x00000000172f0000)]
  0x00000000151ca000 JavaThread "C1 CompilerThread2" daemon [_thread_blocked, id=5464, stack(0x0000000016cf0000,0x0000000016df0000)]
=>0x00000000151c1000 JavaThread "C2 CompilerThread1" daemon [_thread_in_native, id=5576, stack(0x0000000016bf0000,0x0000000016cf0000)]
  0x00000000151b8000 JavaThread "C2 CompilerThread0" daemon [_thread_blocked, id=3924, stack(0x0000000016af0000,0x0000000016bf0000)]
  0x00000000151b6800 JavaThread "Attach Listener" daemon [_thread_blocked, id=2132, stack(0x00000000169f0000,0x0000000016af0000)]
  0x00000000151b3000 JavaThread "Signal Dispatcher" daemon [_thread_blocked, id=1772, stack(0x00000000168f0000,0x00000000169f0000)]
  0x0000000002adb800 JavaThread "Finalizer" daemon [_thread_blocked, id=1316, stack(0x0000000016400000,0x0000000016500000)]
  0x000000001519a000 JavaThread "Reference Handler" daemon [_thread_blocked, id=2952, stack(0x0000000016300000,0x0000000016400000)]
  0x000000000295e000 JavaThread "main" [_thread_blocked, id=5512, stack(0x0000000002830000,0x0000000002930000)]

Other Threads:
  0x0000000015178000 VMThread [stack: 0x0000000016200000,0x0000000016300000] [id=4228]
  0x000000001520e000 WatcherThread [stack: 0x00000000172f0000,0x00000000173f0000] [id=5472]

VM state:not at safepoint (normal execution)

VM Mutex/Monitor currently owned by a thread: None

heap address: 0x00000000c0000000, size: 1024 MB, Compressed Oops mode: 32-bit
Narrow klass base: 0x0000000000000000, Narrow klass shift: 3
Compressed class space size: 1073741824 Address: 0x0000000100000000

Heap:
 PSYoungGen      total 28672K, used 28497K [0x00000000eab00000, 0x00000000ecb00000, 0x0000000100000000)
  eden space 24576K, 99% used [0x00000000eab00000,0x00000000ec2d6330,0x00000000ec300000)
  from space 4096K, 99% used [0x00000000ec300000,0x00000000ec6fe208,0x00000000ec700000)
  to   space 4096K, 0% used [0x00000000ec700000,0x00000000ec700000,0x00000000ecb00000)
 ParOldGen       total 65536K, used 1739K [0x00000000c0000000, 0x00000000c4000000, 0x00000000eab00000)
  object space 65536K, 2% used [0x00000000c0000000,0x00000000c01b2e88,0x00000000c4000000)
 Metaspace       used 14518K, capacity 14848K, committed 15104K, reserved 1062912K
  class space    used 2085K, capacity 2178K, committed 2304K, reserved 1048576K

Card table byte_map: [0x0000000011ea0000,0x00000000120b0000] byte_map_base: 0x00000000118a0000

Marking Bits: (ParMarkBitMap*) 0x000000005a544ce0
 Begin Bits: [0x0000000012610000, 0x0000000013610000)
 End Bits:   [0x0000000013610000, 0x0000000014610000)

Polling page: 0x00000000010d0000

CodeCache: size=245760Kb used=4294Kb max_used=4385Kb free=241466Kb
 bounds [0x0000000002ae0000, 0x0000000002f30000, 0x0000000011ae0000]
 total_blobs=1617 nmethods=1246 adapters=283
 compilation: enabled

Compilation events (10 events):
Event: 43.922 Thread 0x00000000151ca000 1344       1       java.util.HashMap::afterNodeAccess (1 bytes)
Event: 43.922 Thread 0x00000000151ca000 nmethod 1344 0x0000000002c7a010 code [0x0000000002c7a160, 0x0000000002c7a270]
Event: 44.158 Thread 0x00000000151ca000 1345       3       java.util.concurrent.locks.AbstractQueuedSynchronizer::compareAndSetState (13 bytes)
Event: 44.158 Thread 0x00000000151ca000 nmethod 1345 0x0000000002dd0510 code [0x0000000002dd0660, 0x0000000002dd07d0]
Event: 44.159 Thread 0x00000000151ca000 1346       3       java.util.concurrent.locks.AbstractQueuedSynchronizer::release (33 bytes)
Event: 44.159 Thread 0x00000000151ca000 nmethod 1346 0x0000000002c63b90 code [0x0000000002c63d00, 0x0000000002c64018]
Event: 44.251 Thread 0x00000000151ca000 1347       3       java.net.URLClassLoader::definePackage (272 bytes)
Event: 44.257 Thread 0x00000000151ca000 nmethod 1347 0x0000000002bfc210 code [0x0000000002bfc6a0, 0x0000000002bff5d8]
Event: 44.257 Thread 0x00000000151ca000 1348   !   3       java.lang.ClassLoader::definePackage (77 bytes)
Event: 44.257 Thread 0x00000000151ca000 nmethod 1348 0x0000000002c2f110 code [0x0000000002c2f2c0, 0x0000000002c2f958]

GC Heap History (6 events):
Event: 5.817 GC heap before
{Heap before GC invocations=1 (full 0):
 PSYoungGen      total 28672K, used 24576K [0x00000000eab00000, 0x00000000ecb00000, 0x0000000100000000)
  eden space 24576K, 100% used [0x00000000eab00000,0x00000000ec300000,0x00000000ec300000)
  from space 4096K, 0% used [0x00000000ec700000,0x00000000ec700000,0x00000000ecb00000)
  to   space 4096K, 0% used [0x00000000ec300000,0x00000000ec300000,0x00000000ec700000)
 ParOldGen       total 65536K, used 0K [0x00000000c0000000, 0x00000000c4000000, 0x00000000eab00000)
  object space 65536K, 0% used [0x00000000c0000000,0x00000000c0000000,0x00000000c4000000)
 Metaspace       used 6616K, capacity 6768K, committed 7040K, reserved 1056768K
  class space    used 830K, capacity 876K, committed 896K, reserved 1048576K
Event: 5.842 GC heap after
Heap after GC invocations=1 (full 0):
 PSYoungGen      total 28672K, used 3931K [0x00000000eab00000, 0x00000000ecb00000, 0x0000000100000000)
  eden space 24576K, 0% used [0x00000000eab00000,0x00000000eab00000,0x00000000ec300000)
  from space 4096K, 95% used [0x00000000ec300000,0x00000000ec6d6d50,0x00000000ec700000)
  to   space 4096K, 0% used [0x00000000ec700000,0x00000000ec700000,0x00000000ecb00000)
 ParOldGen       total 65536K, used 8K [0x00000000c0000000, 0x00000000c4000000, 0x00000000eab00000)
  object space 65536K, 0% used [0x00000000c0000000,0x00000000c0002000,0x00000000c4000000)
 Metaspace       used 6616K, capacity 6768K, committed 7040K, reserved 1056768K
  class space    used 830K, capacity 876K, committed 896K, reserved 1048576K
}
Event: 24.906 GC heap before
{Heap before GC invocations=2 (full 0):
 PSYoungGen      total 28672K, used 28507K [0x00000000eab00000, 0x00000000ecb00000, 0x0000000100000000)
  eden space 24576K, 100% used [0x00000000eab00000,0x00000000ec300000,0x00000000ec300000)
  from space 4096K, 95% used [0x00000000ec300000,0x00000000ec6d6d50,0x00000000ec700000)
  to   space 4096K, 0% used [0x00000000ec700000,0x00000000ec700000,0x00000000ecb00000)
 ParOldGen       total 65536K, used 8K [0x00000000c0000000, 0x00000000c4000000, 0x00000000eab00000)
  object space 65536K, 0% used [0x00000000c0000000,0x00000000c0002000,0x00000000c4000000)
 Metaspace       used 6982K, capacity 7178K, committed 7424K, reserved 1056768K
  class space    used 902K, capacity 949K, committed 1024K, reserved 1048576K
Event: 24.913 GC heap after
Heap after GC invocations=2 (full 0):
 PSYoungGen      total 28672K, used 2914K [0x00000000eab00000, 0x00000000ecb00000, 0x0000000100000000)
  eden space 24576K, 0% used [0x00000000eab00000,0x00000000eab00000,0x00000000ec300000)
  from space 4096K, 71% used [0x00000000ec700000,0x00000000ec9d8848,0x00000000ecb00000)
  to   space 4096K, 0% used [0x00000000ec300000,0x00000000ec300000,0x00000000ec700000)
 ParOldGen       total 65536K, used 16K [0x00000000c0000000, 0x00000000c4000000, 0x00000000eab00000)
  object space 65536K, 0% used [0x00000000c0000000,0x00000000c0004000,0x00000000c4000000)
 Metaspace       used 6982K, capacity 7178K, committed 7424K, reserved 1056768K
  class space    used 902K, capacity 949K, committed 1024K, reserved 1048576K
}
Event: 36.043 GC heap before
{Heap before GC invocations=3 (full 0):
 PSYoungGen      total 28672K, used 27490K [0x00000000eab00000, 0x00000000ecb00000, 0x0000000100000000)
  eden space 24576K, 100% used [0x00000000eab00000,0x00000000ec300000,0x00000000ec300000)
  from space 4096K, 71% used [0x00000000ec700000,0x00000000ec9d8848,0x00000000ecb00000)
  to   space 4096K, 0% used [0x00000000ec300000,0x00000000ec300000,0x00000000ec700000)
 ParOldGen       total 65536K, used 16K [0x00000000c0000000, 0x00000000c4000000, 0x00000000eab00000)
  object space 65536K, 0% used [0x00000000c0000000,0x00000000c0004000,0x00000000c4000000)
 Metaspace       used 12382K, capacity 12734K, committed 12928K, reserved 1060864K
  class space    used 1706K, capacity 1857K, committed 1920K, reserved 1048576K
Event: 36.072 GC heap after
Heap after GC invocations=3 (full 0):
 PSYoungGen      total 28672K, used 4088K [0x00000000eab00000, 0x00000000ecb00000, 0x0000000100000000)
  eden space 24576K, 0% used [0x00000000eab00000,0x00000000eab00000,0x00000000ec300000)
  from space 4096K, 99% used [0x00000000ec300000,0x00000000ec6fe208,0x00000000ec700000)
  to   space 4096K, 0% used [0x00000000ec700000,0x00000000ec700000,0x00000000ecb00000)
 ParOldGen       total 65536K, used 1739K [0x00000000c0000000, 0x00000000c4000000, 0x00000000eab00000)
  object space 65536K, 2% used [0x00000000c0000000,0x00000000c01b2e88,0x00000000c4000000)
 Metaspace       used 12382K, capacity 12734K, committed 12928K, reserved 1060864K
  class space    used 1706K, capacity 1857K, committed 1920K, reserved 1048576K
}

Deoptimization events (10 events):
Event: 27.978 Thread 0x000000000295e000 Uncommon trap: reason=bimorphic action=maybe_recompile pc=0x0000000002e1aa14 method=java.util.HashMap.putVal(ILjava/lang/Object;Ljava/lang/Object;ZZ)Ljava/lang/Object; @ 203
Event: 28.619 Thread 0x000000000295e000 Uncommon trap: reason=unstable_if action=reinterpret pc=0x0000000002da1908 method=java.io.WinNTFileSystem.normalize(Ljava/lang/String;)Ljava/lang/String; @ 128
Event: 28.619 Thread 0x000000000295e000 Uncommon trap: reason=unstable_if action=reinterpret pc=0x0000000002deb6ec method=java.io.WinNTFileSystem.normalize(Ljava/lang/String;II)Ljava/lang/String; @ 90
Event: 32.591 Thread 0x0000000016f5c000 Uncommon trap: reason=unstable_if action=reinterpret pc=0x0000000002e8bfd4 method=java.util.concurrent.ConcurrentHashMap.putVal(Ljava/lang/Object;Ljava/lang/Object;Z)Ljava/lang/Object; @ 206
Event: 33.002 Thread 0x0000000018113800 Uncommon trap: reason=bimorphic action=maybe_recompile pc=0x0000000002e19f0c method=java.util.HashMap.putVal(ILjava/lang/Object;Ljava/lang/Object;ZZ)Ljava/lang/Object; @ 253
Event: 33.003 Thread 0x0000000018113800 Uncommon trap: reason=bimorphic action=maybe_recompile pc=0x0000000002e19f0c method=java.util.HashMap.putVal(ILjava/lang/Object;Ljava/lang/Object;ZZ)Ljava/lang/Object; @ 253
Event: 33.003 Thread 0x0000000018113800 Uncommon trap: reason=bimorphic action=maybe_recompile pc=0x0000000002e1340c method=java.util.HashMap.putVal(ILjava/lang/Object;Ljava/lang/Object;ZZ)Ljava/lang/Object; @ 253
Event: 33.311 Thread 0x0000000018113800 Uncommon trap: reason=class_check action=maybe_recompile pc=0x0000000002d9c858 method=java.util.regex.Matcher.match(II)Z @ 86
Event: 43.622 Thread 0x0000000018113800 Uncommon trap: reason=class_check action=maybe_recompile pc=0x0000000002d9c858 method=java.util.regex.Matcher.match(II)Z @ 86
Event: 43.623 Thread 0x0000000018113800 Uncommon trap: reason=class_check action=maybe_recompile pc=0x0000000002d5bd0c method=java.util.regex.Matcher.match(II)Z @ 86

Classes redefined (0 events):
No events

Internal exceptions (10 events):
Event: 32.600 Thread 0x0000000016f5c000 Exception <a 'java/lang/NoSuchMethodError': <clinit>> (0x00000000ebb3c688) thrown at [C:\re\workspace\8-2-build-windows-amd64-cygwin\jdk8u201\12322\hotspot\src\share\vm\prims\jni.cpp, line 1613]
Event: 32.603 Thread 0x0000000016f5c000 Exception <a 'java/lang/NoSuchMethodError': <clinit>> (0x00000000ebb4b520) thrown at [C:\re\workspace\8-2-build-windows-amd64-cygwin\jdk8u201\12322\hotspot\src\share\vm\prims\jni.cpp, line 1613]
Event: 32.611 Thread 0x0000000016f5c000 Exception <a 'java/lang/NoSuchMethodError': <clinit>> (0x00000000ebb6d018) thrown at [C:\re\workspace\8-2-build-windows-amd64-cygwin\jdk8u201\12322\hotspot\src\share\vm\prims\jni.cpp, line 1613]
Event: 32.625 Thread 0x0000000016f5c000 Exception <a 'java/lang/NoSuchMethodError': <clinit>> (0x00000000ebbc4980) thrown at [C:\re\workspace\8-2-build-windows-amd64-cygwin\jdk8u201\12322\hotspot\src\share\vm\prims\jni.cpp, line 1613]
Event: 32.681 Thread 0x0000000016f5c000 Exception <a 'java/lang/NoSuchMethodError': <clinit>> (0x00000000ebbf3e88) thrown at [C:\re\workspace\8-2-build-windows-amd64-cygwin\jdk8u201\12322\hotspot\src\share\vm\prims\jni.cpp, line 1613]
Event: 32.688 Thread 0x0000000016f5c000 Exception <a 'java/lang/NoSuchMethodError': <clinit>> (0x00000000ebc27aa0) thrown at [C:\re\workspace\8-2-build-windows-amd64-cygwin\jdk8u201\12322\hotspot\src\share\vm\prims\jni.cpp, line 1613]
Event: 32.691 Thread 0x0000000016f5c000 Exception <a 'java/lang/NoSuchMethodError': <clinit>> (0x00000000ebc35760) thrown at [C:\re\workspace\8-2-build-windows-amd64-cygwin\jdk8u201\12322\hotspot\src\share\vm\prims\jni.cpp, line 1613]
Event: 32.702 Thread 0x0000000016f5c000 Exception <a 'java/lang/NoSuchMethodError': <clinit>> (0x00000000ebc5bf18) thrown at [C:\re\workspace\8-2-build-windows-amd64-cygwin\jdk8u201\12322\hotspot\src\share\vm\prims\jni.cpp, line 1613]
Event: 32.810 Thread 0x0000000018113800 Exception <a 'java/lang/NoSuchMethodError': <clinit>> (0x00000000ebd00f78) thrown at [C:\re\workspace\8-2-build-windows-amd64-cygwin\jdk8u201\12322\hotspot\src\share\vm\prims\jni.cpp, line 1613]
Event: 32.814 Thread 0x0000000018113800 Exception <a 'java/lang/NoSuchMethodError': <clinit>> (0x00000000ebd09268) thrown at [C:\re\workspace\8-2-build-windows-amd64-cygwin\jdk8u201\12322\hotspot\src\share\vm\prims\jni.cpp, line 1613]

Events (10 events):
Event: 44.326 loading class org/gradle/api/internal/changedetection/state/FileSnapshotVisitor
Event: 44.326 loading class org/gradle/api/internal/changedetection/state/FileSnapshotVisitor done
Event: 44.327 loading class org/gradle/api/internal/file/FileCollectionVisitor
Event: 44.327 loading class org/gradle/api/internal/file/FileCollectionVisitor done
Event: 44.328 loading class org/gradle/api/internal/changedetection/state/VisitingFileCollectionSnapshotBuilder
Event: 44.328 loading class org/gradle/api/internal/changedetection/state/VisitingFileCollectionSnapshotBuilder done
Event: 44.354 loading class org/gradle/api/internal/changedetection/state/FileCollectionSnapshotBuilder
Event: 44.354 loading class org/gradle/api/internal/changedetection/state/FileCollectionSnapshotBuilder done
Event: 44.373 loading class org/gradle/api/internal/changedetection/state/DefaultClasspathSnapshotter
Event: 44.373 loading class org/gradle/api/internal/changedetection/state/DefaultClasspathSnapshotter done


Dynamic libraries:
0x00007ff7b02e0000 - 0x00007ff7b0317000 	C:\Program Files\Java\jdk1.8.0_201\bin\java.exe
0x00007ffaf9870000 - 0x00007ffaf9a1a000 	C:\Windows\SYSTEM32\ntdll.dll
0x00007ffaf8cd0000 - 0x00007ffaf8e0a000 	C:\Windows\system32\KERNEL32.DLL
0x00007ffaf6e90000 - 0x00007ffaf6fa0000 	C:\Windows\system32\KERNELBASE.dll
0x00007ffaf53e0000 - 0x00007ffaf5468000 	C:\Windows\system32\apphelp.dll
0x00007ffae0920000 - 0x00007ffae096f000 	C:\Windows\AppPatch\AppPatch64\AcGenral.DLL
0x00007ffaf9140000 - 0x00007ffaf91e7000 	C:\Windows\system32\msvcrt.dll
0x00007ffaf69b0000 - 0x00007ffaf69db000 	C:\Windows\SYSTEM32\SspiCli.dll
0x00007ffaf9810000 - 0x00007ffaf9861000 	C:\Windows\system32\SHLWAPI.dll
0x00007ffaf7330000 - 0x00007ffaf74a1000 	C:\Windows\system32\USER32.dll
0x00007ffaf8fc0000 - 0x00007ffaf9138000 	C:\Windows\system32\ole32.dll
0x00007ffaf74b0000 - 0x00007ffaf88c7000 	C:\Windows\system32\SHELL32.dll
0x00007ffaf6210000 - 0x00007ffaf622f000 	C:\Windows\SYSTEM32\USERENV.dll
0x00007ffaf8e10000 - 0x00007ffaf8eb5000 	C:\Windows\system32\ADVAPI32.dll
0x00007ffaed180000 - 0x00007ffaed19b000 	C:\Windows\SYSTEM32\MPR.dll
0x00007ffaf93f0000 - 0x00007ffaf9526000 	C:\Windows\system32\RPCRT4.dll
0x00007ffaf7110000 - 0x00007ffaf7167000 	C:\Windows\SYSTEM32\sechost.dll
0x00007ffaf8af0000 - 0x00007ffaf8cc6000 	C:\Windows\SYSTEM32\combase.dll
0x00007ffaf7180000 - 0x00007ffaf72c5000 	C:\Windows\system32\GDI32.dll
0x00007ffaf6be0000 - 0x00007ffaf6bf4000 	C:\Windows\SYSTEM32\profapi.dll
0x00007ffaf5340000 - 0x00007ffaf53df000 	C:\Windows\SYSTEM32\SHCORE.dll
0x00007ffaf8990000 - 0x00007ffaf89c4000 	C:\Windows\system32\IMM32.DLL
0x00007ffaf9530000 - 0x00007ffaf9669000 	C:\Windows\system32\MSCTF.dll
0x00007ffaf4f10000 - 0x00007ffaf516a000 	C:\Windows\WinSxS\amd64_microsoft.windows.common-controls_6595b64144ccf1df_6.0.9600.17031_none_6242a4b3ecbb55a1\COMCTL32.dll
0x000000005ad60000 - 0x000000005ae31000 	C:\Program Files\Java\jdk1.8.0_201\jre\bin\msvcr100.dll
0x0000000059d20000 - 0x000000005a5c4000 	C:\Program Files\Java\jdk1.8.0_201\jre\bin\server\jvm.dll
0x00007ffaef060000 - 0x00007ffaef069000 	C:\Windows\SYSTEM32\WSOCK32.dll
0x00007ffaf0f40000 - 0x00007ffaf0f5f000 	C:\Windows\SYSTEM32\WINMM.dll
0x00007ffaf1d30000 - 0x00007ffaf1d3a000 	C:\Windows\SYSTEM32\VERSION.dll
0x00007ffaf8980000 - 0x00007ffaf8987000 	C:\Windows\system32\PSAPI.DLL
0x00007ffaf8f60000 - 0x00007ffaf8fb8000 	C:\Windows\system32\WS2_32.dll
0x00007ffaf0f10000 - 0x00007ffaf0f3a000 	C:\Windows\SYSTEM32\WINMMBASE.dll
0x00007ffaf70f0000 - 0x00007ffaf70f9000 	C:\Windows\system32\NSI.dll
0x00007ffaf7050000 - 0x00007ffaf709a000 	C:\Windows\SYSTEM32\cfgmgr32.dll
0x00007ffaf5940000 - 0x00007ffaf5966000 	C:\Windows\SYSTEM32\DEVOBJ.dll
0x00007ffae3560000 - 0x00007ffae356f000 	C:\Program Files\Java\jdk1.8.0_201\jre\bin\verify.dll
0x00007ffae22f0000 - 0x00007ffae2319000 	C:\Program Files\Java\jdk1.8.0_201\jre\bin\java.dll
0x00007ffae1f20000 - 0x00007ffae1f36000 	C:\Program Files\Java\jdk1.8.0_201\jre\bin\zip.dll
0x00007ffae0900000 - 0x00007ffae091a000 	C:\Program Files\Java\jdk1.8.0_201\jre\bin\net.dll
0x00007ffaefc00000 - 0x00007ffaefd60000 	C:\Windows\SYSTEM32\urlmon.dll
0x00007ffaef950000 - 0x00007ffaefbf9000 	C:\Windows\SYSTEM32\iertutil.dll
0x00007ffaef720000 - 0x00007ffaef950000 	C:\Windows\SYSTEM32\WININET.dll
0x00007ffaf6460000 - 0x00007ffaf64b8000 	C:\Windows\system32\mswsock.dll
0x00007ffae08e0000 - 0x00007ffae08f1000 	C:\Program Files\Java\jdk1.8.0_201\jre\bin\nio.dll
0x00007ffae08c0000 - 0x00007ffae08de000 	C:\Users\sp7\.gradle\native\25\windows-amd64\native-platform.dll
0x00007ffae32e0000 - 0x00007ffae32ed000 	C:\Program Files\Java\jdk1.8.0_201\jre\bin\management.dll
0x00007ffaf64c0000 - 0x00007ffaf64de000 	C:\Windows\SYSTEM32\CRYPTSP.dll
0x00007ffaf6100000 - 0x00007ffaf6135000 	C:\Windows\system32\rsaenh.dll
0x00007ffaf66f0000 - 0x00007ffaf6716000 	C:\Windows\SYSTEM32\bcrypt.dll
0x00007ffaf69f0000 - 0x00007ffaf6a50000 	C:\Windows\system32\bcryptprimitives.dll
0x00007ffaf6b50000 - 0x00007ffaf6b5a000 	C:\Windows\SYSTEM32\CRYPTBASE.dll
0x00007ffaf0ed0000 - 0x00007ffaf0ef9000 	C:\Windows\SYSTEM32\IPHLPAPI.DLL
0x00007ffaf0ea0000 - 0x00007ffaf0eaa000 	C:\Windows\SYSTEM32\WINNSI.DLL
0x00007ffaf0d50000 - 0x00007ffaf0d64000 	C:\Windows\SYSTEM32\dhcpcsvc6.DLL
0x00007ffaf0d30000 - 0x00007ffaf0d49000 	C:\Windows\SYSTEM32\dhcpcsvc.DLL
0x00007ffae46d0000 - 0x00007ffae4858000 	C:\Windows\SYSTEM32\dbghelp.dll

VM Arguments:
jvm_args: -XX:+HeapDumpOnOutOfMemoryError -Xmx1024m -Dfile.encoding=windows-1252 -Duser.country=US -Duser.language=en -Duser.variant 
java_command: org.gradle.launcher.daemon.bootstrap.GradleDaemon 4.4
java_class_path (initial): C:\Users\sp7\.gradle\wrapper\dists\gradle-4.4-all\9br9xq1tocpiv8o6njlyu5op1\gradle-4.4\lib\gradle-launcher-4.4.jar
Launcher Type: SUN_STANDARD

Environment Variables:
JAVA_HOME=C:\Program Files\Java\jdk1.8.0_201
CLASSPATH=C:\Users\sp7\Desktop\project\pro3\android\\gradle\wrapper\gradle-wrapper.jar
PATH=C:\Python27\;C:\Python27\Scripts;C:\Windows\system32;C:\Windows;C:\Windows\System32\Wbem;C:\Windows\System32\WindowsPowerShell\v1.0\;C:\ProgramData\chocolatey\bin;C:\Program Files\nodejs\;C:\Program Files\Java\jdk1.8.0_201\bin;C:\Users\sp7\AppData\Local\Android\Sdk\platform-tools;C:\Program Files (x86)\Yarn\bin\;C:\Users\sp7\AppData\Roaming\npm\node_modules\bower\bin;C:\Program Files\Git\cmd;C:\Users\sp7\AppData\Roaming\npm;C:\Users\sp7\AppData\Local\Programs\Microsoft VS Code\bin;C:\Users\sp7\AppData\Local\Yarn\bin;C:\Users\sp7\AppData\Roaming\npm\node_modules\bower\bin
USERNAME=sp7
OS=Windows_NT
PROCESSOR_IDENTIFIER=Intel64 Family 6 Model 58 Stepping 9, GenuineIntel



---------------  S Y S T E M  ---------------

OS: Windows 8.1 , 64 bit Build 9600 (6.3.9600.17031)

CPU:total 4 (initial active 4) (2 cores per cpu, 2 threads per core) family 6 model 58 stepping 9, cmov, cx8, fxsr, mmx, sse, sse2, sse3, ssse3, sse4.1, sse4.2, popcnt, avx, clmul, erms, ht, tsc, tscinvbit, tscinv

Memory: 4k page, physical 6187524k(1277648k free), swap 12478980k(6824344k free)

vm_info: Java HotSpot(TM) 64-Bit Server VM (25.201-b09) for windows-amd64 JRE (1.8.0_201-b09), built on Dec 15 2018 18:36:39 by "java_re" with MS VC++ 10.0 (VS2010)

time: Tue Jan 22 11:50:00 2019
timezone: Russian Standard Time
elapsed time: 44 seconds (0d 0h 0m 44s)

